2018-05-02 21:07:00,746 ERROR 5712 nodejs.ClusterClientNoResponseError: client no response in 44839276ms exceeding maxIdleTime 60000ms, maybe the connection is close on other side.
    at Timeout.Leader._heartbeatTimer.setInterval [as _onTimeout] (D:\web\egg\easy\wzs\node_modules\_cluster-client@2.1.0@cluster-client\lib\leader.js:74:23)
    at ontimeout (timers.js:482:11)
    at tryOnTimeout (timers.js:317:5)
    at Timer.listOnTimeout (timers.js:277:5)
name: 'ClusterClientNoResponseError'
pid: 5712
hostname: DESKTOP-53TTJ3N

2018-05-04 10:24:46,941 ERROR 9572 [app/app.js] server render bundle error, try client render, the server render error Error: Module build failed: SyntaxError: D:/web/2webfontend/hrbkcwl/app/web/component/app/Index/index.vue: Unexpected token, expected , (22:16)

[0m [90m 20 | [39m  data[33m:[39m {
 [90m 21 | [39m    styleObject[33m:[39m {
[31m[1m>[22m[39m[90m 22 | [39m      background[33m-[39mimage[33m:[39m[32m'url(../../../asset/images/slide-1.jpg)'[39m
 [90m    | [39m                [31m[1m^[22m[39m
 [90m 23 | [39m    }
 [90m 24 | [39m  }[33m,[39m
 [90m 25 | [39m  computed[33m:[39m {[0m

    at eval (webpack:///./app/web/component/app/Index/index.vue?./node_modules/_babel-loader@7.1.4@babel-loader/lib!./node_modules/_vue-loader@14.2.2@vue-loader/lib/selector.js?type=script&index=0:1:7)
    at Object../node_modules/_babel-loader@7.1.4@babel-loader/lib/index.js!./node_modules/_vue-loader@14.2.2@vue-loader/lib/selector.js?type=script&index=0!./app/web/component/app/Index/index.vue (__vue_ssr_bundle__:412:1)
    at __webpack_require__ (__vue_ssr_bundle__:29:30)
    at eval (webpack:///./app/web/component/app/Index/index.vue?:2:156)
    at Object../app/web/component/app/Index/index.vue (__vue_ssr_bundle__:198:1)
    at __webpack_require__ (__vue_ssr_bundle__:29:30)
    at eval (webpack:///./app/web/component/app/router.js?:7:70)
    at Object../app/web/component/app/router.js (__vue_ssr_bundle__:222:1)
    at __webpack_require__ (__vue_ssr_bundle__:29:30)
    at eval (webpack:///./app/web/page/app/app.js?:5:78)
2018-05-04 10:35:11,902 ERROR 9572 [app/app.js] server render bundle error, try client render, the server render error ReferenceError: asset is not defined
    at VueComponent.data (webpack:///./app/web/component/app/Index/index.vue?./node_modules/_babel-loader@7.1.4@babel-loader/lib!./node_modules/_vue-loader@14.2.2@vue-loader/lib/selector.js?type=script&index=0:8:135)
    at getData (D:\web\2webfontend\hrbkcwl\node_modules\_vue@2.5.16@vue\dist\vue.runtime.common.js:3415:17)
    at initData (D:\web\2webfontend\hrbkcwl\node_modules\_vue@2.5.16@vue\dist\vue.runtime.common.js:3372:7)
    at initState (D:\web\2webfontend\hrbkcwl\node_modules\_vue@2.5.16@vue\dist\vue.runtime.common.js:3309:5)
    at VueComponent.Vue._init (D:\web\2webfontend\hrbkcwl\node_modules\_vue@2.5.16@vue\dist\vue.runtime.common.js:4626:5)
    at new VueComponent (D:\web\2webfontend\hrbkcwl\node_modules\_vue@2.5.16@vue\dist\vue.runtime.common.js:4796:12)
    at createComponentInstanceForVnode (D:\web\2webfontend\hrbkcwl\node_modules\_vue-server-renderer@2.5.16@vue-server-renderer\build.js:7342:10)
    at renderComponentInner (D:\web\2webfontend\hrbkcwl\node_modules\_vue-server-renderer@2.5.16@vue-server-renderer\build.js:7516:40)
    at renderComponent (D:\web\2webfontend\hrbkcwl\node_modules\_vue-server-renderer@2.5.16@vue-server-renderer\build.js:7491:5)
    at renderNode (D:\web\2webfontend\hrbkcwl\node_modules\_vue-server-renderer@2.5.16@vue-server-renderer\build.js:7407:5)
2018-05-04 10:38:41,657 ERROR 9572 [app/app.js] server render bundle error, try client render, the server render error Error: Module build failed: SyntaxError: D:/web/2webfontend/hrbkcwl/app/web/component/app/Index/index.vue: Unexpected token, expected , (28:11)

[0m [90m 26 | [39m  }[33m,[39m
 [90m 27 | [39m  computed[33m:[39m {
[31m[1m>[22m[39m[90m 28 | [39m    console[33m.[39mlog(vue)
 [90m    | [39m           [31m[1m^[22m[39m
 [90m 29 | [39m    isLoading(){
 [90m 30 | [39m     console[33m.[39mlog(vue)[33m;[39m
 [90m 31 | [39m     [36mreturn[39m [36mfalse[39m[33m;[39m[0m

    at eval (webpack:///./app/web/component/app/Index/index.vue?./node_modules/_babel-loader@7.1.4@babel-loader/lib!./node_modules/_vue-loader@14.2.2@vue-loader/lib/selector.js?type=script&index=0:1:7)
    at Object../node_modules/_babel-loader@7.1.4@babel-loader/lib/index.js!./node_modules/_vue-loader@14.2.2@vue-loader/lib/selector.js?type=script&index=0!./app/web/component/app/Index/index.vue (__vue_ssr_bundle__:412:1)
    at __webpack_require__ (__vue_ssr_bundle__:29:30)
    at eval (webpack:///./app/web/component/app/Index/index.vue?:2:156)
    at Object../app/web/component/app/Index/index.vue (__vue_ssr_bundle__:198:1)
    at __webpack_require__ (__vue_ssr_bundle__:29:30)
    at eval (webpack:///./app/web/component/app/router.js?:7:70)
    at Object../app/web/component/app/router.js (__vue_ssr_bundle__:222:1)
    at __webpack_require__ (__vue_ssr_bundle__:29:30)
    at eval (webpack:///./app/web/page/app/app.js?:5:78)
2018-05-04 10:46:11,274 ERROR 9572 [app/app.js] server render bundle error, try client render, the server render error { Error: Cannot find module "../assets/images/slide-1.jpg"
    at webpackMissingModule (webpack:///./app/web/component/app/Index/index.vue?./node_modules/_babel-loader@7.1.4@babel-loader/lib!./node_modules/_vue-loader@14.2.2@vue-loader/lib/selector.js?type=script&index=0:8:99)
    at VueComponent.data (webpack:///./app/web/component/app/Index/index.vue?./node_modules/_babel-loader@7.1.4@babel-loader/lib!./node_modules/_vue-loader@14.2.2@vue-loader/lib/selector.js?type=script&index=0:8:204)
    at getData (D:\web\2webfontend\hrbkcwl\node_modules\_vue@2.5.16@vue\dist\vue.runtime.common.js:3415:17)
    at initData (D:\web\2webfontend\hrbkcwl\node_modules\_vue@2.5.16@vue\dist\vue.runtime.common.js:3372:7)
    at initState (D:\web\2webfontend\hrbkcwl\node_modules\_vue@2.5.16@vue\dist\vue.runtime.common.js:3309:5)
    at VueComponent.Vue._init (D:\web\2webfontend\hrbkcwl\node_modules\_vue@2.5.16@vue\dist\vue.runtime.common.js:4626:5)
    at new VueComponent (D:\web\2webfontend\hrbkcwl\node_modules\_vue@2.5.16@vue\dist\vue.runtime.common.js:4796:12)
    at createComponentInstanceForVnode (D:\web\2webfontend\hrbkcwl\node_modules\_vue-server-renderer@2.5.16@vue-server-renderer\build.js:7342:10)
    at renderComponentInner (D:\web\2webfontend\hrbkcwl\node_modules\_vue-server-renderer@2.5.16@vue-server-renderer\build.js:7516:40)
    at renderComponent (D:\web\2webfontend\hrbkcwl\node_modules\_vue-server-renderer@2.5.16@vue-server-renderer\build.js:7491:5) code: 'MODULE_NOT_FOUND' }
2018-05-04 10:46:18,029 ERROR 9572 [app/app.js] server render bundle error, try client render, the server render error { Error: Cannot find module "./assets/images/slide-1.jpg"
    at webpackMissingModule (webpack:///./app/web/component/app/Index/index.vue?./node_modules/_babel-loader@7.1.4@babel-loader/lib!./node_modules/_vue-loader@14.2.2@vue-loader/lib/selector.js?type=script&index=0:8:99)
    at VueComponent.data (webpack:///./app/web/component/app/Index/index.vue?./node_modules/_babel-loader@7.1.4@babel-loader/lib!./node_modules/_vue-loader@14.2.2@vue-loader/lib/selector.js?type=script&index=0:8:203)
    at getData (D:\web\2webfontend\hrbkcwl\node_modules\_vue@2.5.16@vue\dist\vue.runtime.common.js:3415:17)
    at initData (D:\web\2webfontend\hrbkcwl\node_modules\_vue@2.5.16@vue\dist\vue.runtime.common.js:3372:7)
    at initState (D:\web\2webfontend\hrbkcwl\node_modules\_vue@2.5.16@vue\dist\vue.runtime.common.js:3309:5)
    at VueComponent.Vue._init (D:\web\2webfontend\hrbkcwl\node_modules\_vue@2.5.16@vue\dist\vue.runtime.common.js:4626:5)
    at new VueComponent (D:\web\2webfontend\hrbkcwl\node_modules\_vue@2.5.16@vue\dist\vue.runtime.common.js:4796:12)
    at createComponentInstanceForVnode (D:\web\2webfontend\hrbkcwl\node_modules\_vue-server-renderer@2.5.16@vue-server-renderer\build.js:7342:10)
    at renderComponentInner (D:\web\2webfontend\hrbkcwl\node_modules\_vue-server-renderer@2.5.16@vue-server-renderer\build.js:7516:40)
    at renderComponent (D:\web\2webfontend\hrbkcwl\node_modules\_vue-server-renderer@2.5.16@vue-server-renderer\build.js:7491:5) code: 'MODULE_NOT_FOUND' }
2018-05-04 11:13:00,083 ERROR 7104 [app/app.js] server render bundle error, try client render, the server render error { Error: Cannot find module "../../../assets/images/slide-1.jpg"
    at webpackMissingModule (webpack:///./app/web/component/app/Index/index.vue?./node_modules/_babel-loader@7.1.4@babel-loader/lib!./node_modules/_vue-loader@14.2.2@vue-loader/lib/selector.js?type=script&index=0:9:99)
    at VueComponent.data (webpack:///./app/web/component/app/Index/index.vue?./node_modules/_babel-loader@7.1.4@babel-loader/lib!./node_modules/_vue-loader@14.2.2@vue-loader/lib/selector.js?type=script&index=0:9:210)
    at getData (D:\web\2webfontend\hrbkcwl\node_modules\_vue@2.5.16@vue\dist\vue.runtime.common.js:3415:17)
    at initData (D:\web\2webfontend\hrbkcwl\node_modules\_vue@2.5.16@vue\dist\vue.runtime.common.js:3372:7)
    at initState (D:\web\2webfontend\hrbkcwl\node_modules\_vue@2.5.16@vue\dist\vue.runtime.common.js:3309:5)
    at VueComponent.Vue._init (D:\web\2webfontend\hrbkcwl\node_modules\_vue@2.5.16@vue\dist\vue.runtime.common.js:4626:5)
    at new VueComponent (D:\web\2webfontend\hrbkcwl\node_modules\_vue@2.5.16@vue\dist\vue.runtime.common.js:4796:12)
    at createComponentInstanceForVnode (D:\web\2webfontend\hrbkcwl\node_modules\_vue-server-renderer@2.5.16@vue-server-renderer\build.js:7342:10)
    at renderComponentInner (D:\web\2webfontend\hrbkcwl\node_modules\_vue-server-renderer@2.5.16@vue-server-renderer\build.js:7516:40)
    at renderComponent (D:\web\2webfontend\hrbkcwl\node_modules\_vue-server-renderer@2.5.16@vue-server-renderer\build.js:7491:5) code: 'MODULE_NOT_FOUND' }
2018-05-04 11:17:14,876 ERROR 7104 [app/app.js] server render bundle error, try client render, the server render error { Error: Cannot find module "../../../assets/images/slide-1.jpg"
    at webpackMissingModule (webpack:///./app/web/component/app/Index/index.vue?./node_modules/_babel-loader@7.1.4@babel-loader/lib!./node_modules/_vue-loader@14.2.2@vue-loader/lib/selector.js?type=script&index=0:9:99)
    at VueComponent.data (webpack:///./app/web/component/app/Index/index.vue?./node_modules/_babel-loader@7.1.4@babel-loader/lib!./node_modules/_vue-loader@14.2.2@vue-loader/lib/selector.js?type=script&index=0:9:210)
    at getData (D:\web\2webfontend\hrbkcwl\node_modules\_vue@2.5.16@vue\dist\vue.runtime.common.js:3415:17)
    at initData (D:\web\2webfontend\hrbkcwl\node_modules\_vue@2.5.16@vue\dist\vue.runtime.common.js:3372:7)
    at initState (D:\web\2webfontend\hrbkcwl\node_modules\_vue@2.5.16@vue\dist\vue.runtime.common.js:3309:5)
    at VueComponent.Vue._init (D:\web\2webfontend\hrbkcwl\node_modules\_vue@2.5.16@vue\dist\vue.runtime.common.js:4626:5)
    at new VueComponent (D:\web\2webfontend\hrbkcwl\node_modules\_vue@2.5.16@vue\dist\vue.runtime.common.js:4796:12)
    at createComponentInstanceForVnode (D:\web\2webfontend\hrbkcwl\node_modules\_vue-server-renderer@2.5.16@vue-server-renderer\build.js:7342:10)
    at renderComponentInner (D:\web\2webfontend\hrbkcwl\node_modules\_vue-server-renderer@2.5.16@vue-server-renderer\build.js:7516:40)
    at renderComponent (D:\web\2webfontend\hrbkcwl\node_modules\_vue-server-renderer@2.5.16@vue-server-renderer\build.js:7491:5) code: 'MODULE_NOT_FOUND' }
2018-05-04 11:57:06,934 ERROR 7104 [app/app.js] server render bundle error, try client render, the server render error { Error: Cannot find module "../../../assets/images/slide-1.jpg"
    at webpackMissingModule (webpack:///./app/web/component/app/Index/index.vue?./node_modules/_babel-loader@7.1.4@babel-loader/lib!./node_modules/_vue-loader@14.2.2@vue-loader/lib/selector.js?type=script&index=0:9:99)
    at VueComponent.data (webpack:///./app/web/component/app/Index/index.vue?./node_modules/_babel-loader@7.1.4@babel-loader/lib!./node_modules/_vue-loader@14.2.2@vue-loader/lib/selector.js?type=script&index=0:9:210)
    at getData (D:\web\2webfontend\hrbkcwl\node_modules\_vue@2.5.16@vue\dist\vue.runtime.common.js:3415:17)
    at initData (D:\web\2webfontend\hrbkcwl\node_modules\_vue@2.5.16@vue\dist\vue.runtime.common.js:3372:7)
    at initState (D:\web\2webfontend\hrbkcwl\node_modules\_vue@2.5.16@vue\dist\vue.runtime.common.js:3309:5)
    at VueComponent.Vue._init (D:\web\2webfontend\hrbkcwl\node_modules\_vue@2.5.16@vue\dist\vue.runtime.common.js:4626:5)
    at new VueComponent (D:\web\2webfontend\hrbkcwl\node_modules\_vue@2.5.16@vue\dist\vue.runtime.common.js:4796:12)
    at createComponentInstanceForVnode (D:\web\2webfontend\hrbkcwl\node_modules\_vue-server-renderer@2.5.16@vue-server-renderer\build.js:7342:10)
    at renderComponentInner (D:\web\2webfontend\hrbkcwl\node_modules\_vue-server-renderer@2.5.16@vue-server-renderer\build.js:7516:40)
    at renderComponent (D:\web\2webfontend\hrbkcwl\node_modules\_vue-server-renderer@2.5.16@vue-server-renderer\build.js:7491:5) code: 'MODULE_NOT_FOUND' }
2018-05-04 11:58:21,783 ERROR 7104 [app/app.js] server render bundle error, try client render, the server render error { Error: Cannot find module "../../../assets/images/slide-1.jpg"
    at webpackMissingModule (webpack:///./app/web/component/app/Index/index.vue?./node_modules/_babel-loader@7.1.4@babel-loader/lib!./node_modules/_vue-loader@14.2.2@vue-loader/lib/selector.js?type=script&index=0:9:99)
    at VueComponent.data (webpack:///./app/web/component/app/Index/index.vue?./node_modules/_babel-loader@7.1.4@babel-loader/lib!./node_modules/_vue-loader@14.2.2@vue-loader/lib/selector.js?type=script&index=0:9:210)
    at getData (D:\web\2webfontend\hrbkcwl\node_modules\_vue@2.5.16@vue\dist\vue.runtime.common.js:3415:17)
    at initData (D:\web\2webfontend\hrbkcwl\node_modules\_vue@2.5.16@vue\dist\vue.runtime.common.js:3372:7)
    at initState (D:\web\2webfontend\hrbkcwl\node_modules\_vue@2.5.16@vue\dist\vue.runtime.common.js:3309:5)
    at VueComponent.Vue._init (D:\web\2webfontend\hrbkcwl\node_modules\_vue@2.5.16@vue\dist\vue.runtime.common.js:4626:5)
    at new VueComponent (D:\web\2webfontend\hrbkcwl\node_modules\_vue@2.5.16@vue\dist\vue.runtime.common.js:4796:12)
    at createComponentInstanceForVnode (D:\web\2webfontend\hrbkcwl\node_modules\_vue-server-renderer@2.5.16@vue-server-renderer\build.js:7342:10)
    at renderComponentInner (D:\web\2webfontend\hrbkcwl\node_modules\_vue-server-renderer@2.5.16@vue-server-renderer\build.js:7516:40)
    at renderComponent (D:\web\2webfontend\hrbkcwl\node_modules\_vue-server-renderer@2.5.16@vue-server-renderer\build.js:7491:5) code: 'MODULE_NOT_FOUND' }
2018-05-04 11:58:54,687 ERROR 7104 [app/app.js] server render bundle error, try client render, the server render error { Error: Cannot find module "../../../assets/images/slide-1.jpg"
    at webpackMissingModule (webpack:///./app/web/component/app/Index/index.vue?./node_modules/_babel-loader@7.1.4@babel-loader/lib!./node_modules/_vue-loader@14.2.2@vue-loader/lib/selector.js?type=script&index=0:9:99)
    at VueComponent.data (webpack:///./app/web/component/app/Index/index.vue?./node_modules/_babel-loader@7.1.4@babel-loader/lib!./node_modules/_vue-loader@14.2.2@vue-loader/lib/selector.js?type=script&index=0:9:210)
    at getData (D:\web\2webfontend\hrbkcwl\node_modules\_vue@2.5.16@vue\dist\vue.runtime.common.js:3415:17)
    at initData (D:\web\2webfontend\hrbkcwl\node_modules\_vue@2.5.16@vue\dist\vue.runtime.common.js:3372:7)
    at initState (D:\web\2webfontend\hrbkcwl\node_modules\_vue@2.5.16@vue\dist\vue.runtime.common.js:3309:5)
    at VueComponent.Vue._init (D:\web\2webfontend\hrbkcwl\node_modules\_vue@2.5.16@vue\dist\vue.runtime.common.js:4626:5)
    at new VueComponent (D:\web\2webfontend\hrbkcwl\node_modules\_vue@2.5.16@vue\dist\vue.runtime.common.js:4796:12)
    at createComponentInstanceForVnode (D:\web\2webfontend\hrbkcwl\node_modules\_vue-server-renderer@2.5.16@vue-server-renderer\build.js:7342:10)
    at renderComponentInner (D:\web\2webfontend\hrbkcwl\node_modules\_vue-server-renderer@2.5.16@vue-server-renderer\build.js:7516:40)
    at renderComponent (D:\web\2webfontend\hrbkcwl\node_modules\_vue-server-renderer@2.5.16@vue-server-renderer\build.js:7491:5) code: 'MODULE_NOT_FOUND' }
2018-05-04 12:11:37,355 ERROR 7104 [app/app.js] server render bundle error, try client render, the server render error { Error: Cannot find module "../../../assets/images/slide-1.jpg"
    at webpackMissingModule (webpack:///./app/web/component/app/Index/index.vue?./node_modules/_vue-loader@14.2.2@vue-loader/lib/template-compiler?%7B%22id%22:%22data-v-c7365226%22,%22hasScoped%22:false,%22optionsId%22:%220%22,%22buble%22:%7B%22transforms%22:%7B%7D%7D%7D!./node_modules/_vue-loader@14.2.2@vue-loader/lib/selector.js?type=template&index=0:19:88)
    at eval (webpack:///./app/web/component/app/Index/index.vue?./node_modules/_vue-loader@14.2.2@vue-loader/lib/template-compiler?%7B%22id%22:%22data-v-c7365226%22,%22hasScoped%22:false,%22optionsId%22:%220%22,%22buble%22:%7B%22transforms%22:%7B%7D%7D%7D!./node_modules/_vue-loader@14.2.2@vue-loader/lib/selector.js?type=template&index=0:19:199)
    at Proxy.renderList (D:\web\2webfontend\hrbkcwl\node_modules\_vue@2.5.16@vue\dist\vue.runtime.common.js:3708:16)
    at Proxy.render (webpack:///./app/web/component/app/Index/index.vue?./node_modules/_vue-loader@14.2.2@vue-loader/lib/template-compiler?%7B%22id%22:%22data-v-c7365226%22,%22hasScoped%22:false,%22optionsId%22:%220%22,%22buble%22:%7B%22transforms%22:%7B%7D%7D%7D!./node_modules/_vue-loader@14.2.2@vue-loader/lib/selector.js?type=template&index=0:14:13)
    at VueComponent.Vue._render (D:\web\2webfontend\hrbkcwl\node_modules\_vue@2.5.16@vue\dist\vue.runtime.common.js:4542:22)
    at renderComponentInner (D:\web\2webfontend\hrbkcwl\node_modules\_vue-server-renderer@2.5.16@vue-server-renderer\build.js:7521:25)
    at renderComponent (D:\web\2webfontend\hrbkcwl\node_modules\_vue-server-renderer@2.5.16@vue-server-renderer\build.js:7491:5)
    at renderNode (D:\web\2webfontend\hrbkcwl\node_modules\_vue-server-renderer@2.5.16@vue-server-renderer\build.js:7407:5)
    at renderComponentInner (D:\web\2webfontend\hrbkcwl\node_modules\_vue-server-renderer@2.5.16@vue-server-renderer\build.js:7527:3)
    at renderComponent (D:\web\2webfontend\hrbkcwl\node_modules\_vue-server-renderer@2.5.16@vue-server-renderer\build.js:7491:5) code: 'MODULE_NOT_FOUND' }
2018-05-04 12:12:12,625 ERROR 7104 [app/app.js] server render bundle error, try client render, the server render error { Error: Cannot find module "../../../assets/images/slide-1.jpg"
    at webpackMissingModule (webpack:///./app/web/component/app/Index/index.vue?./node_modules/_vue-loader@14.2.2@vue-loader/lib/template-compiler?%7B%22id%22:%22data-v-c7365226%22,%22hasScoped%22:false,%22optionsId%22:%220%22,%22buble%22:%7B%22transforms%22:%7B%7D%7D%7D!./node_modules/_vue-loader@14.2.2@vue-loader/lib/selector.js?type=template&index=0:19:88)
    at eval (webpack:///./app/web/component/app/Index/index.vue?./node_modules/_vue-loader@14.2.2@vue-loader/lib/template-compiler?%7B%22id%22:%22data-v-c7365226%22,%22hasScoped%22:false,%22optionsId%22:%220%22,%22buble%22:%7B%22transforms%22:%7B%7D%7D%7D!./node_modules/_vue-loader@14.2.2@vue-loader/lib/selector.js?type=template&index=0:19:199)
    at Proxy.renderList (D:\web\2webfontend\hrbkcwl\node_modules\_vue@2.5.16@vue\dist\vue.runtime.common.js:3708:16)
    at Proxy.render (webpack:///./app/web/component/app/Index/index.vue?./node_modules/_vue-loader@14.2.2@vue-loader/lib/template-compiler?%7B%22id%22:%22data-v-c7365226%22,%22hasScoped%22:false,%22optionsId%22:%220%22,%22buble%22:%7B%22transforms%22:%7B%7D%7D%7D!./node_modules/_vue-loader@14.2.2@vue-loader/lib/selector.js?type=template&index=0:14:13)
    at VueComponent.Vue._render (D:\web\2webfontend\hrbkcwl\node_modules\_vue@2.5.16@vue\dist\vue.runtime.common.js:4542:22)
    at renderComponentInner (D:\web\2webfontend\hrbkcwl\node_modules\_vue-server-renderer@2.5.16@vue-server-renderer\build.js:7521:25)
    at renderComponent (D:\web\2webfontend\hrbkcwl\node_modules\_vue-server-renderer@2.5.16@vue-server-renderer\build.js:7491:5)
    at renderNode (D:\web\2webfontend\hrbkcwl\node_modules\_vue-server-renderer@2.5.16@vue-server-renderer\build.js:7407:5)
    at renderComponentInner (D:\web\2webfontend\hrbkcwl\node_modules\_vue-server-renderer@2.5.16@vue-server-renderer\build.js:7527:3)
    at renderComponent (D:\web\2webfontend\hrbkcwl\node_modules\_vue-server-renderer@2.5.16@vue-server-renderer\build.js:7491:5) code: 'MODULE_NOT_FOUND' }
2018-05-04 12:12:50,390 ERROR 13948 [app/app.js] server render bundle error, try client render, the server render error { Error: Cannot find module "../../../assets/images/slide-1.jpg"
    at webpackMissingModule (webpack:///./app/web/component/app/Index/index.vue?./node_modules/_vue-loader@14.2.2@vue-loader/lib/template-compiler?%7B%22id%22:%22data-v-c7365226%22,%22hasScoped%22:false,%22optionsId%22:%220%22,%22buble%22:%7B%22transforms%22:%7B%7D%7D%7D!./node_modules/_vue-loader@14.2.2@vue-loader/lib/selector.js?type=template&index=0:19:88)
    at eval (webpack:///./app/web/component/app/Index/index.vue?./node_modules/_vue-loader@14.2.2@vue-loader/lib/template-compiler?%7B%22id%22:%22data-v-c7365226%22,%22hasScoped%22:false,%22optionsId%22:%220%22,%22buble%22:%7B%22transforms%22:%7B%7D%7D%7D!./node_modules/_vue-loader@14.2.2@vue-loader/lib/selector.js?type=template&index=0:19:199)
    at Proxy.renderList (D:\web\2webfontend\hrbkcwl\node_modules\_vue@2.5.16@vue\dist\vue.runtime.common.js:3708:16)
    at Proxy.render (webpack:///./app/web/component/app/Index/index.vue?./node_modules/_vue-loader@14.2.2@vue-loader/lib/template-compiler?%7B%22id%22:%22data-v-c7365226%22,%22hasScoped%22:false,%22optionsId%22:%220%22,%22buble%22:%7B%22transforms%22:%7B%7D%7D%7D!./node_modules/_vue-loader@14.2.2@vue-loader/lib/selector.js?type=template&index=0:14:13)
    at VueComponent.Vue._render (D:\web\2webfontend\hrbkcwl\node_modules\_vue@2.5.16@vue\dist\vue.runtime.common.js:4542:22)
    at renderComponentInner (D:\web\2webfontend\hrbkcwl\node_modules\_vue-server-renderer@2.5.16@vue-server-renderer\build.js:7521:25)
    at renderComponent (D:\web\2webfontend\hrbkcwl\node_modules\_vue-server-renderer@2.5.16@vue-server-renderer\build.js:7491:5)
    at renderNode (D:\web\2webfontend\hrbkcwl\node_modules\_vue-server-renderer@2.5.16@vue-server-renderer\build.js:7407:5)
    at renderComponentInner (D:\web\2webfontend\hrbkcwl\node_modules\_vue-server-renderer@2.5.16@vue-server-renderer\build.js:7527:3)
    at renderComponent (D:\web\2webfontend\hrbkcwl\node_modules\_vue-server-renderer@2.5.16@vue-server-renderer\build.js:7491:5) code: 'MODULE_NOT_FOUND' }
2018-05-04 12:28:17,749 ERROR 21128 [app/app.js] server render bundle error, try client render, the server render error TypeError: Cannot read property 'title' of undefined
    at Proxy.render (webpack:///./app/web/component/app/Index/index.vue?./node_modules/_vue-loader@14.2.2@vue-loader/lib/template-compiler?%7B%22id%22:%22data-v-c7365226%22,%22hasScoped%22:false,%22optionsId%22:%220%22,%22buble%22:%7B%22transforms%22:%7B%7D%7D%7D!./node_modules/_vue-loader@14.2.2@vue-loader/lib/selector.js?type=template&index=0:26:40)
    at VueComponent.Vue._render (D:\web\2webfontend\hrbkcwl\node_modules\_vue@2.5.16@vue\dist\vue.runtime.common.js:4542:22)
    at renderComponentInner (D:\web\2webfontend\hrbkcwl\node_modules\_vue-server-renderer@2.5.16@vue-server-renderer\build.js:7521:25)
    at renderComponent (D:\web\2webfontend\hrbkcwl\node_modules\_vue-server-renderer@2.5.16@vue-server-renderer\build.js:7491:5)
    at renderNode (D:\web\2webfontend\hrbkcwl\node_modules\_vue-server-renderer@2.5.16@vue-server-renderer\build.js:7407:5)
    at renderComponentInner (D:\web\2webfontend\hrbkcwl\node_modules\_vue-server-renderer@2.5.16@vue-server-renderer\build.js:7527:3)
    at renderComponent (D:\web\2webfontend\hrbkcwl\node_modules\_vue-server-renderer@2.5.16@vue-server-renderer\build.js:7491:5)
    at RenderContext.renderNode (D:\web\2webfontend\hrbkcwl\node_modules\_vue-server-renderer@2.5.16@vue-server-renderer\build.js:7407:5)
    at RenderContext.next (D:\web\2webfontend\hrbkcwl\node_modules\_vue-server-renderer@2.5.16@vue-server-renderer\build.js:2428:14)
    at cachedWrite (D:\web\2webfontend\hrbkcwl\node_modules\_vue-server-renderer@2.5.16@vue-server-renderer\build.js:2287:9)
